{"level":"info","message":"Server running on port 3000","timestamp":"2025-06-22T10:24:11.107Z"}
{"code":"28P01","file":"auth.c","length":104,"level":"error","line":"323","message":"Error connecting to database: password authentication failed for user \"username\"","name":"error","routine":"auth_failed","severity":"FATAL","stack":"error: password authentication failed for user \"username\"\n    at Parser.parseErrorMessage (/home/moses/Desktop/Development/whatsapp-crypto-payment/whatspay-backend/node_modules/pg-protocol/dist/parser.js:285:98)\n    at Parser.handlePacket (/home/moses/Desktop/Development/whatsapp-crypto-payment/whatspay-backend/node_modules/pg-protocol/dist/parser.js:122:29)\n    at Parser.parse (/home/moses/Desktop/Development/whatsapp-crypto-payment/whatspay-backend/node_modules/pg-protocol/dist/parser.js:35:38)\n    at Socket.<anonymous> (/home/moses/Desktop/Development/whatsapp-crypto-payment/whatspay-backend/node_modules/pg-protocol/dist/index.js:11:42)\n    at Socket.emit (node:events:518:28)\n    at addChunk (node:internal/streams/readable:561:12)\n    at readableAddChunkPushByteMode (node:internal/streams/readable:512:3)\n    at Readable.push (node:internal/streams/readable:392:5)\n    at TCP.onStreamRead (node:internal/stream_base_commons:189:23)","timestamp":"2025-06-22T10:24:11.122Z"}
{"level":"info","message":"Server running on port 3000","timestamp":"2025-06-22T10:24:19.476Z"}
{"code":"28P01","file":"auth.c","length":104,"level":"error","line":"323","message":"Error connecting to database: password authentication failed for user \"username\"","name":"error","routine":"auth_failed","severity":"FATAL","stack":"error: password authentication failed for user \"username\"\n    at Parser.parseErrorMessage (/home/moses/Desktop/Development/whatsapp-crypto-payment/whatspay-backend/node_modules/pg-protocol/dist/parser.js:285:98)\n    at Parser.handlePacket (/home/moses/Desktop/Development/whatsapp-crypto-payment/whatspay-backend/node_modules/pg-protocol/dist/parser.js:122:29)\n    at Parser.parse (/home/moses/Desktop/Development/whatsapp-crypto-payment/whatspay-backend/node_modules/pg-protocol/dist/parser.js:35:38)\n    at Socket.<anonymous> (/home/moses/Desktop/Development/whatsapp-crypto-payment/whatspay-backend/node_modules/pg-protocol/dist/index.js:11:42)\n    at Socket.emit (node:events:518:28)\n    at addChunk (node:internal/streams/readable:561:12)\n    at readableAddChunkPushByteMode (node:internal/streams/readable:512:3)\n    at Readable.push (node:internal/streams/readable:392:5)\n    at TCP.onStreamRead (node:internal/stream_base_commons:189:23)","timestamp":"2025-06-22T10:24:19.488Z"}
{"level":"info","message":"Server running on port 3000","timestamp":"2025-06-22T10:24:21.256Z"}
{"code":"28P01","file":"auth.c","length":104,"level":"error","line":"323","message":"Error connecting to database: password authentication failed for user \"username\"","name":"error","routine":"auth_failed","severity":"FATAL","stack":"error: password authentication failed for user \"username\"\n    at Parser.parseErrorMessage (/home/moses/Desktop/Development/whatsapp-crypto-payment/whatspay-backend/node_modules/pg-protocol/dist/parser.js:285:98)\n    at Parser.handlePacket (/home/moses/Desktop/Development/whatsapp-crypto-payment/whatspay-backend/node_modules/pg-protocol/dist/parser.js:122:29)\n    at Parser.parse (/home/moses/Desktop/Development/whatsapp-crypto-payment/whatspay-backend/node_modules/pg-protocol/dist/parser.js:35:38)\n    at Socket.<anonymous> (/home/moses/Desktop/Development/whatsapp-crypto-payment/whatspay-backend/node_modules/pg-protocol/dist/index.js:11:42)\n    at Socket.emit (node:events:518:28)\n    at addChunk (node:internal/streams/readable:561:12)\n    at readableAddChunkPushByteMode (node:internal/streams/readable:512:3)\n    at Readable.push (node:internal/streams/readable:392:5)\n    at TCP.onStreamRead (node:internal/stream_base_commons:189:23)","timestamp":"2025-06-22T10:24:21.274Z"}
{"level":"info","message":"Server running on port 3000","timestamp":"2025-06-22T10:26:44.499Z"}
{"code":"28P01","file":"auth.c","length":104,"level":"error","line":"323","message":"Error connecting to database: password authentication failed for user \"username\"","name":"error","routine":"auth_failed","severity":"FATAL","stack":"error: password authentication failed for user \"username\"\n    at Parser.parseErrorMessage (/home/moses/Desktop/Development/whatsapp-crypto-payment/whatspay-backend/node_modules/pg-protocol/dist/parser.js:285:98)\n    at Parser.handlePacket (/home/moses/Desktop/Development/whatsapp-crypto-payment/whatspay-backend/node_modules/pg-protocol/dist/parser.js:122:29)\n    at Parser.parse (/home/moses/Desktop/Development/whatsapp-crypto-payment/whatspay-backend/node_modules/pg-protocol/dist/parser.js:35:38)\n    at Socket.<anonymous> (/home/moses/Desktop/Development/whatsapp-crypto-payment/whatspay-backend/node_modules/pg-protocol/dist/index.js:11:42)\n    at Socket.emit (node:events:518:28)\n    at addChunk (node:internal/streams/readable:561:12)\n    at readableAddChunkPushByteMode (node:internal/streams/readable:512:3)\n    at Readable.push (node:internal/streams/readable:392:5)\n    at TCP.onStreamRead (node:internal/stream_base_commons:189:23)","timestamp":"2025-06-22T10:26:44.523Z"}
{"level":"info","message":"Server running on port 3000","timestamp":"2025-06-22T10:27:58.862Z"}
{"code":"28P01","file":"auth.c","length":101,"level":"error","line":"323","message":"Error connecting to database: password authentication failed for user \"moses\"","name":"error","routine":"auth_failed","severity":"FATAL","stack":"error: password authentication failed for user \"moses\"\n    at Parser.parseErrorMessage (/home/moses/Desktop/Development/whatsapp-crypto-payment/whatspay-backend/node_modules/pg-protocol/dist/parser.js:285:98)\n    at Parser.handlePacket (/home/moses/Desktop/Development/whatsapp-crypto-payment/whatspay-backend/node_modules/pg-protocol/dist/parser.js:122:29)\n    at Parser.parse (/home/moses/Desktop/Development/whatsapp-crypto-payment/whatspay-backend/node_modules/pg-protocol/dist/parser.js:35:38)\n    at Socket.<anonymous> (/home/moses/Desktop/Development/whatsapp-crypto-payment/whatspay-backend/node_modules/pg-protocol/dist/index.js:11:42)\n    at Socket.emit (node:events:518:28)\n    at addChunk (node:internal/streams/readable:561:12)\n    at readableAddChunkPushByteMode (node:internal/streams/readable:512:3)\n    at Readable.push (node:internal/streams/readable:392:5)\n    at TCP.onStreamRead (node:internal/stream_base_commons:189:23)","timestamp":"2025-06-22T10:27:58.881Z"}
{"level":"info","message":"Server running on port 3000","timestamp":"2025-06-22T10:28:10.096Z"}
{"code":"28P01","file":"auth.c","length":101,"level":"error","line":"323","message":"Error connecting to database: password authentication failed for user \"moses\"","name":"error","routine":"auth_failed","severity":"FATAL","stack":"error: password authentication failed for user \"moses\"\n    at Parser.parseErrorMessage (/home/moses/Desktop/Development/whatsapp-crypto-payment/whatspay-backend/node_modules/pg-protocol/dist/parser.js:285:98)\n    at Parser.handlePacket (/home/moses/Desktop/Development/whatsapp-crypto-payment/whatspay-backend/node_modules/pg-protocol/dist/parser.js:122:29)\n    at Parser.parse (/home/moses/Desktop/Development/whatsapp-crypto-payment/whatspay-backend/node_modules/pg-protocol/dist/parser.js:35:38)\n    at Socket.<anonymous> (/home/moses/Desktop/Development/whatsapp-crypto-payment/whatspay-backend/node_modules/pg-protocol/dist/index.js:11:42)\n    at Socket.emit (node:events:518:28)\n    at addChunk (node:internal/streams/readable:561:12)\n    at readableAddChunkPushByteMode (node:internal/streams/readable:512:3)\n    at Readable.push (node:internal/streams/readable:392:5)\n    at TCP.onStreamRead (node:internal/stream_base_commons:189:23)","timestamp":"2025-06-22T10:28:10.110Z"}
{"level":"info","message":"Server running on port 3000","timestamp":"2025-06-22T10:29:09.636Z"}
{"code":"28P01","file":"auth.c","length":101,"level":"error","line":"323","message":"Error connecting to database: password authentication failed for user \"moses\"","name":"error","routine":"auth_failed","severity":"FATAL","stack":"error: password authentication failed for user \"moses\"\n    at Parser.parseErrorMessage (/home/moses/Desktop/Development/whatsapp-crypto-payment/whatspay-backend/node_modules/pg-protocol/dist/parser.js:285:98)\n    at Parser.handlePacket (/home/moses/Desktop/Development/whatsapp-crypto-payment/whatspay-backend/node_modules/pg-protocol/dist/parser.js:122:29)\n    at Parser.parse (/home/moses/Desktop/Development/whatsapp-crypto-payment/whatspay-backend/node_modules/pg-protocol/dist/parser.js:35:38)\n    at Socket.<anonymous> (/home/moses/Desktop/Development/whatsapp-crypto-payment/whatspay-backend/node_modules/pg-protocol/dist/index.js:11:42)\n    at Socket.emit (node:events:518:28)\n    at addChunk (node:internal/streams/readable:561:12)\n    at readableAddChunkPushByteMode (node:internal/streams/readable:512:3)\n    at Readable.push (node:internal/streams/readable:392:5)\n    at TCP.onStreamRead (node:internal/stream_base_commons:189:23)","timestamp":"2025-06-22T10:29:09.651Z"}
{"level":"info","message":"Server running on port 3000","timestamp":"2025-06-22T10:29:29.023Z"}
{"code":"3D000","file":"postinit.c","length":101,"level":"error","line":"1021","message":"Error connecting to database: database \"whatsapp_crypto\" does not exist","name":"error","routine":"InitPostgres","severity":"FATAL","stack":"error: database \"whatsapp_crypto\" does not exist\n    at Parser.parseErrorMessage (/home/moses/Desktop/Development/whatsapp-crypto-payment/whatspay-backend/node_modules/pg-protocol/dist/parser.js:285:98)\n    at Parser.handlePacket (/home/moses/Desktop/Development/whatsapp-crypto-payment/whatspay-backend/node_modules/pg-protocol/dist/parser.js:122:29)\n    at Parser.parse (/home/moses/Desktop/Development/whatsapp-crypto-payment/whatspay-backend/node_modules/pg-protocol/dist/parser.js:35:38)\n    at Socket.<anonymous> (/home/moses/Desktop/Development/whatsapp-crypto-payment/whatspay-backend/node_modules/pg-protocol/dist/index.js:11:42)\n    at Socket.emit (node:events:518:28)\n    at addChunk (node:internal/streams/readable:561:12)\n    at readableAddChunkPushByteMode (node:internal/streams/readable:512:3)\n    at Readable.push (node:internal/streams/readable:392:5)\n    at TCP.onStreamRead (node:internal/stream_base_commons:189:23)","timestamp":"2025-06-22T10:29:29.035Z"}
{"level":"info","message":"Server running on port 3000","timestamp":"2025-06-22T10:30:01.089Z"}
{"code":"3D000","file":"postinit.c","length":91,"level":"error","line":"1021","message":"Error connecting to database: database \"moses\" does not exist","name":"error","routine":"InitPostgres","severity":"FATAL","stack":"error: database \"moses\" does not exist\n    at Parser.parseErrorMessage (/home/moses/Desktop/Development/whatsapp-crypto-payment/whatspay-backend/node_modules/pg-protocol/dist/parser.js:285:98)\n    at Parser.handlePacket (/home/moses/Desktop/Development/whatsapp-crypto-payment/whatspay-backend/node_modules/pg-protocol/dist/parser.js:122:29)\n    at Parser.parse (/home/moses/Desktop/Development/whatsapp-crypto-payment/whatspay-backend/node_modules/pg-protocol/dist/parser.js:35:38)\n    at Socket.<anonymous> (/home/moses/Desktop/Development/whatsapp-crypto-payment/whatspay-backend/node_modules/pg-protocol/dist/index.js:11:42)\n    at Socket.emit (node:events:518:28)\n    at addChunk (node:internal/streams/readable:561:12)\n    at readableAddChunkPushByteMode (node:internal/streams/readable:512:3)\n    at Readable.push (node:internal/streams/readable:392:5)\n    at TCP.onStreamRead (node:internal/stream_base_commons:189:23)","timestamp":"2025-06-22T10:30:01.104Z"}
{"level":"info","message":"Server running on port 3000","timestamp":"2025-06-22T11:03:04.165Z"}
{"code":"3D000","file":"postinit.c","length":91,"level":"error","line":"1021","message":"Error connecting to database: database \"moses\" does not exist","name":"error","routine":"InitPostgres","severity":"FATAL","stack":"error: database \"moses\" does not exist\n    at Parser.parseErrorMessage (/home/moses/Desktop/Development/whatsapp-crypto-payment/whatspay-backend/node_modules/pg-protocol/dist/parser.js:285:98)\n    at Parser.handlePacket (/home/moses/Desktop/Development/whatsapp-crypto-payment/whatspay-backend/node_modules/pg-protocol/dist/parser.js:122:29)\n    at Parser.parse (/home/moses/Desktop/Development/whatsapp-crypto-payment/whatspay-backend/node_modules/pg-protocol/dist/parser.js:35:38)\n    at Socket.<anonymous> (/home/moses/Desktop/Development/whatsapp-crypto-payment/whatspay-backend/node_modules/pg-protocol/dist/index.js:11:42)\n    at Socket.emit (node:events:518:28)\n    at addChunk (node:internal/streams/readable:561:12)\n    at readableAddChunkPushByteMode (node:internal/streams/readable:512:3)\n    at Readable.push (node:internal/streams/readable:392:5)\n    at TCP.onStreamRead (node:internal/stream_base_commons:189:23)","timestamp":"2025-06-22T11:03:04.181Z"}
{"level":"info","message":"Server running on port 3000","timestamp":"2025-06-22T11:05:43.210Z"}
{"level":"info","message":"Connected to PostgreSQL database","timestamp":"2025-06-22T11:05:43.227Z"}
{"level":"info","message":"Server running on port 3000","timestamp":"2025-06-22T11:05:50.240Z"}
{"level":"info","message":"Connected to PostgreSQL database","timestamp":"2025-06-22T11:05:50.258Z"}
{"level":"info","message":"Server running on port 3000","timestamp":"2025-06-22T11:15:19.650Z"}
{"level":"info","message":"Connected to PostgreSQL database","timestamp":"2025-06-22T11:15:19.661Z"}
{"level":"info","message":"Server running on port 3000","timestamp":"2025-06-22T11:15:21.905Z"}
{"level":"info","message":"Connected to PostgreSQL database","timestamp":"2025-06-22T11:15:21.921Z"}
{"level":"info","message":"Server running on port 3000","timestamp":"2025-06-22T11:17:06.664Z"}
{"level":"info","message":"Connected to PostgreSQL database","timestamp":"2025-06-22T11:17:06.686Z"}
{"level":"info","message":"Server running on port 3000","timestamp":"2025-07-10T18:40:18.825Z"}
{"level":"info","message":"Server running on port 3000","timestamp":"2025-07-10T18:40:36.330Z"}
{"level":"info","message":"Server running on port 3000","timestamp":"2025-07-13T16:55:42.674Z"}
{"level":"info","message":"Server running on port 3000","timestamp":"2025-07-14T06:28:53.633Z"}
{"level":"info","message":"Server running on port 3000","timestamp":"2025-07-14T06:30:27.757Z"}
{"level":"info","message":"Server running on port 3000","timestamp":"2025-07-14T06:33:55.017Z"}
{"level":"info","message":"Server running on port 3000","timestamp":"2025-07-14T06:43:10.852Z"}
{"level":"info","message":"Server running on port 3000","timestamp":"2025-07-14T06:43:18.783Z"}
{"level":"info","message":"Server running on port 3000","timestamp":"2025-07-14T06:43:30.671Z"}
{"level":"info","message":"Connected to PostgreSQL database","timestamp":"2025-07-14T06:43:30.701Z"}
{"level":"info","message":"Server running on port 3000","timestamp":"2025-07-14T06:43:41.953Z"}
{"level":"info","message":"Connected to PostgreSQL database","timestamp":"2025-07-14T06:43:41.972Z"}
{"level":"info","message":"Server running on port 3000","timestamp":"2025-07-14T06:43:45.328Z"}
{"level":"info","message":"Connected to PostgreSQL database","timestamp":"2025-07-14T06:43:45.345Z"}
{"level":"info","message":"Server running on port 3000","timestamp":"2025-07-14T06:43:46.796Z"}
{"level":"info","message":"Connected to PostgreSQL database","timestamp":"2025-07-14T06:43:46.822Z"}
{"level":"info","message":"Server running on port 3000","timestamp":"2025-07-14T06:43:50.454Z"}
{"level":"info","message":"Connected to PostgreSQL database","timestamp":"2025-07-14T06:43:50.471Z"}
{"level":"info","message":"Server running on port 3000","timestamp":"2025-07-14T06:44:00.849Z"}
{"level":"info","message":"Connected to PostgreSQL database","timestamp":"2025-07-14T06:44:00.912Z"}
{"level":"info","message":"Server running on port 3000","timestamp":"2025-07-14T06:44:04.761Z"}
{"level":"info","message":"Connected to PostgreSQL database","timestamp":"2025-07-14T06:44:04.799Z"}
{"level":"info","message":"Server running on port 3000","timestamp":"2025-07-14T06:44:07.226Z"}
{"level":"info","message":"Server running on port 3000","timestamp":"2025-07-14T06:44:07.320Z"}
{"level":"info","message":"Server running on port 3000","timestamp":"2025-07-14T06:44:12.772Z"}
{"level":"info","message":"Server running on port 3000","timestamp":"2025-07-14T06:44:19.152Z"}
{"level":"info","message":"Server running on port 3000","timestamp":"2025-07-14T06:44:21.801Z"}
{"level":"info","message":"Connected to PostgreSQL database","timestamp":"2025-07-14T06:44:21.828Z"}
{"level":"info","message":"Server running on port 3000","timestamp":"2025-07-14T06:44:23.234Z"}
{"level":"info","message":"Connected to PostgreSQL database","timestamp":"2025-07-14T06:44:23.254Z"}
{"level":"info","message":"Server running on port 3000","timestamp":"2025-07-14T06:44:34.542Z"}
{"level":"info","message":"Connected to PostgreSQL database","timestamp":"2025-07-14T06:44:34.568Z"}
{"level":"info","message":"Server running on port 3000","timestamp":"2025-07-14T06:45:37.049Z"}
{"level":"info","message":"Connected to PostgreSQL database","timestamp":"2025-07-14T06:45:37.075Z"}
{"level":"info","message":"Server running on port 3000","timestamp":"2025-07-14T06:47:32.191Z"}
{"level":"info","message":"Connected to PostgreSQL database","timestamp":"2025-07-14T06:47:32.208Z"}
{"level":"info","message":"Server running on port 3000","timestamp":"2025-07-14T06:49:57.093Z"}
{"level":"info","message":"Server running on port 3000","timestamp":"2025-07-14T06:50:23.919Z"}
{"level":"info","message":"Connected to PostgreSQL database","timestamp":"2025-07-14T06:50:23.939Z"}
{"level":"info","message":"Server running on port 3000","timestamp":"2025-07-14T06:50:27.766Z"}
{"level":"info","message":"Connected to PostgreSQL database","timestamp":"2025-07-14T06:50:27.786Z"}
{"level":"info","message":"Server running on port 3000","timestamp":"2025-07-14T06:50:44.792Z"}
{"level":"info","message":"Connected to PostgreSQL database","timestamp":"2025-07-14T06:50:44.819Z"}
{"level":"info","message":"Server running on port 3000","timestamp":"2025-07-14T06:50:47.586Z"}
{"level":"info","message":"Connected to PostgreSQL database","timestamp":"2025-07-14T06:50:47.607Z"}
{"level":"info","message":"Server running on port 3000","timestamp":"2025-07-14T06:50:50.652Z"}
{"level":"info","message":"Connected to PostgreSQL database","timestamp":"2025-07-14T06:50:50.669Z"}
{"level":"info","message":"Server running on port 3000","timestamp":"2025-07-14T06:50:54.017Z"}
{"level":"info","message":"Connected to PostgreSQL database","timestamp":"2025-07-14T06:50:54.036Z"}
{"level":"info","message":"Server running on port 3000","timestamp":"2025-07-14T06:52:27.131Z"}
{"level":"info","message":"Connected to PostgreSQL database","timestamp":"2025-07-14T06:52:27.147Z"}
{"level":"info","message":"Server running on port 3000","timestamp":"2025-07-14T07:04:05.111Z"}
{"level":"info","message":"Connected to PostgreSQL database","timestamp":"2025-07-14T07:04:05.142Z"}
{"level":"info","message":"Server running on port 3000","timestamp":"2025-07-14T07:04:10.947Z"}
{"level":"info","message":"Connected to PostgreSQL database","timestamp":"2025-07-14T07:04:10.971Z"}
{"level":"info","message":"Server running on port 3000","timestamp":"2025-07-14T07:04:26.034Z"}
{"level":"info","message":"Connected to PostgreSQL database","timestamp":"2025-07-14T07:04:26.048Z"}
{"level":"info","message":"Server running on port 3000","timestamp":"2025-07-14T07:06:55.937Z"}
{"level":"info","message":"Server running on port 3000","timestamp":"2025-07-14T07:07:06.669Z"}
{"level":"info","message":"Server running on port 3000","timestamp":"2025-07-14T07:07:07.418Z"}
{"level":"info","message":"Server running on port 3000","timestamp":"2025-07-14T07:07:12.333Z"}
{"level":"info","message":"Server running on port 3000","timestamp":"2025-07-14T07:07:19.658Z"}
